<?xml version="1.0" encoding="UTF-8"?>
<testng-results skipped="0" failed="0" total="1" passed="1">
  <reporter-output>
  </reporter-output>
  <suite name="Default suite" duration-ms="3035" started-at="2019-01-02T03:13:12Z" finished-at="2019-01-02T03:13:15Z">
    <groups>
    </groups>
    <test name="Default test" duration-ms="3035" started-at="2019-01-02T03:13:12Z" finished-at="2019-01-02T03:13:15Z">
      <class name="canshuhua.time">
        <test-method status="PASS" signature="dd()[pri:0, instance:canshuhua.time@282ba1e]" name="dd" duration-ms="3016" started-at="2019-01-02T11:13:12Z" finished-at="2019-01-02T11:13:15Z">
          <reporter-output>
          </reporter-output>
        </test-method> <!-- dd -->
      </class> <!-- canshuhua.time -->
    </test> <!-- Default test -->
  </suite> <!-- Default suite -->
</testng-results>
